Software Version: 2024.2.0.13
Programmer 'S20153T5B2' : JTAG TCK / SPI SCK frequency = 1 MHz
programmer 'S20153T5B2' : FlashPro5
Opened 'C:\Users\Fabian\HTWG\DigiSys\Libero_Projects\Aufgabe1\Aufgabe1\designer\aufgabe1\aufgabe1_fp\aufgabe1.pro'
The 'open_project' command succeeded.
Info: Programming is already enabled for device 'M2S005'.
The 'enable_device' command succeeded.
PPD file 'C:/Users/Fabian/HTWG/DigiSys/Libero_Projects/Aufgabe1/Aufgabe1/designer/aufgabe1/aufgabe1.ppd' has been loaded successfully.
DESIGN : aufgabe1;  CHECKSUM : 2F51;  PDB_VERSION : 1.0
The 'set_programming_file' command succeeded.
The 'set_programming_action' command succeeded.
programmer 'S20153T5B2' : Scan Chain...
Programmer 'S20153T5B2' : JTAG TCK / SPI SCK frequency = 1 MHz
programmer 'S20153T5B2' : Check Chain...
programmer 'S20153T5B2' : Scan and Check Chain PASSED.
programmer 'S20153T5B2' : device 'M2S005' : Executing action PROGRAM
Programmer 'S20153T5B2' : JTAG TCK / SPI SCK frequency = 4 MHz
programmer 'S20153T5B2' : device 'M2S005' : Family: SmartFusion2
programmer 'S20153T5B2' : device 'M2S005' : Product:      M2S005
programmer 'S20153T5B2' : device 'M2S005' : Cortex-M3 Enabled (M3_ALLOWED = 1)
programmer 'S20153T5B2' : device 'M2S005' : Programming Interface Protocol: JTAG
programmer 'S20153T5B2' : device 'M2S005' : EXPORT ISC_ENABLE_RESULT[32] = 005e6c24
programmer 'S20153T5B2' : device 'M2S005' : EXPORT CRCERR[1] = 0
programmer 'S20153T5B2' : device 'M2S005' : EXPORT EDCERR[1] = 0
programmer 'S20153T5B2' : device 'M2S005' : Programming FPGA Array...
programmer 'S20153T5B2' : device 'M2S005' : Calculating component bitstream digests using programming file...
programmer 'S20153T5B2' : device 'M2S005' : EXPORT Fabric component bitstream digest[256] = b4a8532c85e6ae206c0e2692fbe1ba7c5f4fa586b71c16f729cb47112aa0d146
programmer 'S20153T5B2' : device 'M2S005' : EXPORT Entire bitstream digest[256] = af847ad56e4a0ef2cbbfacf841e8193f52db1740869ff6d053ca8e3ba5f9e85c
programmer 'S20153T5B2' : device 'M2S005' : Reading digests for all the segments from the device...
programmer 'S20153T5B2' : device 'M2S005' : EXPORT Fabric digest: [256] = 64c5023260b4e803680a97724ac3a6365bf3cd6a198202a699f9300aa56863b8
programmer 'S20153T5B2' : device 'M2S005' : Design Name: aufgabe1
programmer 'S20153T5B2' : device 'M2S005' : EXPORT CHECKSUM[16] = 2f51
programmer 'S20153T5B2' : device 'M2S005' : EXPORT READ_DESIGN_INFO: [272] = 00000000000000000000000000000000000000000000000031656261676675612f51
programmer 'S20153T5B2' : device 'M2S005' : EXPORT DESIGNVER[16] = 0000
programmer 'S20153T5B2' : device 'M2S005' : EXPORT BACKLEVEL[16] = 0000
programmer 'S20153T5B2' : device 'M2S005' : ===================================================================================
programmer 'S20153T5B2' : device 'M2S005' : EXPORT DSN[128] = 0986f04b72afe5c7d0281c57e95dcaef
programmer 'S20153T5B2' : device 'M2S005' : ===================================================================================
programmer 'S20153T5B2' : Finished: Tue Nov 26 11:43:31 2024 (Elapsed time 00:00:18)
programmer 'S20153T5B2' : device 'M2S005' : Executing action PROGRAM PASSED.
programmer 'S20153T5B2' : Chain programming PASSED.
Chain Programming Finished: Tue Nov 26 11:43:31 2024 (Elapsed time 00:00:18)

                        o - o - o - o - o - o

The 'run_selected_actions' command succeeded.
Project saved.
The 'save_project' command succeeded.
Project closed.
The 'close_project' command succeeded.
The Execute Script command succeeded.
