
Copyright (C) 1994-2023 Synopsys, Inc.
This Synopsys software and all associated documentation are proprietary to Synopsys, Inc.
and may only be used pursuant to the terms and conditions of a written license agreement
with Synopsys, Inc. All other use, reproduction, modification, or distribution of the
Synopsys software or the associated documentation is strictly prohibited.
Tool: Synplify Pro (R)
Build: V-2023.09M-3
Install: C:\Microchip\Libero_SoC_v2024.2\SynplifyPro
OS: Windows 10 or later
Hostname: THESEUSJR-WIN

Implementation : synthesis

# Written on Wed Nov 13 10:57:13 2024

##### FILES SYNTAX CHECKED ##############################################
Constraint File(s):      "C:\Users\Fabian\HTWG\DigiSys\Libero_Projects\Aufgabe1\Aufgabe1\designer\aufgabe1\synthesis.fdc"

#Run constraint checker to find more issues with constraints.
#########################################################################



No issues found in constraint syntax.



Clock Summary
*************

          Start            Requested     Requested     Clock        Clock          Clock
Level     Clock            Frequency     Period        Type         Group          Load 
----------------------------------------------------------------------------------------
0 -       aufgabe1|clk     50.0 MHz      20.000        inferred     (multiple)     16   
========================================================================================


Clock Load Summary
******************

                 Clock     Source        Clock Pin                  Non-clock Pin     Non-clock Pin
Clock            Load      Pin           Seq Example                Seq Example       Comb Example 
---------------------------------------------------------------------------------------------------
aufgabe1|clk     16        clk(port)     u1.mod4_counter[1:0].C     -                 -            
===================================================================================================
