Resource Usage Report for aufgabe1 

Mapping to part: m2s005vf400std
Cell usage:
CLKINT          2 uses
CFG1           9 uses
CFG2           6 uses
CFG3           5 uses
CFG4           11 uses

Carry cells:
ARI1            14 uses - used for arithmetic functions
ARI1            2 uses - used for Wide-Mux implementation
Total ARI1      16 uses


Sequential Cells: 
SLE            20 uses

DSP Blocks:    0 of 11 (0%)

I/O ports: 26
I/O primitives: 26
INBUF          14 uses
OUTBUF         12 uses


Global Clock Buffers: 2

Total LUTs:    47

Extra resources required for RAM and MACC interface logic during P&R:

RAM64x18 Interface Logic : SLEs = 0; LUTs = 0;
RAM1K18  Interface Logic : SLEs = 0; LUTs = 0;
MACC     Interface Logic : SLEs = 0; LUTs = 0;

Total number of SLEs after P&R:  20 + 0 + 0 + 0 = 20;
Total number of LUTs after P&R:  47 + 0 + 0 + 0 = 47;

