
Copyright (C) 1994-2023 Synopsys, Inc.
This Synopsys software and all associated documentation are proprietary to Synopsys, Inc.
and may only be used pursuant to the terms and conditions of a written license agreement
with Synopsys, Inc. All other use, reproduction, modification, or distribution of the
Synopsys software or the associated documentation is strictly prohibited.
Tool: Synplify Pro (R)
Build: V-2023.09M-3
Install: C:\Microchip\Libero_SoC_v2024.2\SynplifyPro
OS: Windows 10 or later
Hostname: THESEUSJR-WIN

Implementation : synthesis
Synopsys HDL compiler and linker, Version comp202309synp1, Build 280R, Built Jun 20 2024 08:13:40, @

Modified Files: 1
FID:  path (prevtimestamp, timestamp)
11       C:\Users\Fabian\HTWG\DigiSys\Aufgabe 1\hex4x7seg.vhd (2024-11-26 11:38:53, 2024-11-26 11:42:20)

*******************************************************************
Modules that may have changed as a result of file changes: 1
MID:  lib.cell.view
2        work.hex4x7seg.struktur may have changed because the following files changed:
                        C:\Users\Fabian\HTWG\DigiSys\Aufgabe 1\hex4x7seg.vhd (2024-11-26 11:38:53, 2024-11-26 11:42:20) <-- (architecture and entity definition)

*******************************************************************
Unmodified files: 11
FID:  path (timestamp)
0        C:\Microchip\Libero_SoC_v2024.2\SynplifyPro\lib\vhd2008\arith.vhd (2024-07-25 17:03:50)
1        C:\Microchip\Libero_SoC_v2024.2\SynplifyPro\lib\vhd2008\location.map (2024-07-25 17:03:50)
2        C:\Microchip\Libero_SoC_v2024.2\SynplifyPro\lib\vhd2008\numeric.vhd (2024-07-25 17:29:38)
3        C:\Microchip\Libero_SoC_v2024.2\SynplifyPro\lib\vhd2008\std.vhd (2024-07-25 17:04:16)
4        C:\Microchip\Libero_SoC_v2024.2\SynplifyPro\lib\vhd2008\std1164.vhd (2024-07-25 17:03:50)
5        C:\Microchip\Libero_SoC_v2024.2\SynplifyPro\lib\vhd2008\std_textio.vhd (2024-07-25 17:03:50)
6        C:\Microchip\Libero_SoC_v2024.2\SynplifyPro\lib\vhd2008\unsigned.vhd (2024-07-25 17:03:50)
7        C:\Microchip\Libero_SoC_v2024.2\SynplifyPro\lib\vhd\hyperents.vhd (2024-07-25 17:03:50)
8        C:\Microchip\Libero_SoC_v2024.2\SynplifyPro\lib\vhd\snps_haps_pkg.vhd (2024-07-25 17:03:50)
9        C:\Microchip\Libero_SoC_v2024.2\SynplifyPro\lib\vhd\umr_capim.vhd (2024-07-25 17:03:50)
10       C:\Users\Fabian\HTWG\DigiSys\Aufgabe 1\aufgabe1.vhd (2024-10-07 07:04:20)

*******************************************************************
Unchanged modules: 2
MID:  lib.cell.view
0        work.aufgabe1.struktur
1        work.aufgabe1.vhdl
