Resource Report
Microchip Technology Inc. - Microchip Libero Software Release v2024.2 (Version 2024.2.0.13)
Date: Wed Nov 13 10:57:22 2024

Device Selection
+--------------------------------+----------------+
| Family                         | SmartFusion2   |
| Device                         | M2S005         |
| Package                        | 144 TQ         |
| Speed Grade                    | STD            |
| Temp                           | 0:25:85        |
| Voltage                        | 1.26:1.20:1.14 |
| Core Voltage                   | 1.2V           |
| Ramp Rate                      | 10ms Minimum   |
| System Controller Suspend Mode | No             |
| PLL Supply Voltage             | 2.5V           |
| Default I/O technology         | LVCMOS 3.3V    |
| Restrict Probe Pins            | No             |
| Restrict SPI Pins              | No             |
+--------------------------------+----------------+

Source Files
+---------+--------------------------------------------------------------------------------------+
| Topcell | aufgabe1                                                                             |
| Format  | Verilog                                                                              |
| Source  | C:\Users\Fabian\HTWG\DigiSys\Libero_Projects\Aufgabe1\Aufgabe1\synthesis\aufgabe1.vm |
+---------+--------------------------------------------------------------------------------------+

Options
+----------------------------------------------------+-------+
| Enable Single Event Transient mitigation           | false |
| Enable Design Separation Methodology               | false |
| Limit the number of high fanout nets to display to | 10    |
+----------------------------------------------------+-------+

Resource Usage
+---------------------------+------+-------+------------+
| Type                      | Used | Total | Percentage |
+---------------------------+------+-------+------------+
| 4LUT                      | 37   | 6060  | 0.61       |
| DFF                       | 16   | 6060  | 0.26       |
| I/O Register              | 0    | 252   | 0.00       |
| User I/O                  | 22   | 84    | 26.19      |
| -- Single-ended I/O       | 22   | 84    | 26.19      |
| -- Differential I/O Pairs | 0    | 38    | 0.00       |
| RAM64x18                  | 0    | 11    | 0.00       |
| RAM1K18                   | 0    | 10    | 0.00       |
| MACC                      | 0    | 11    | 0.00       |
| Chip Globals              | 2    | 8     | 25.00      |
| CCC                       | 0    | 2     | 0.00       |
| RCOSC_25_50MHZ            | 0    | 1     | 0.00       |
| RCOSC_1MHZ                | 0    | 1     | 0.00       |
| XTLOSC                    | 0    | 1     | 0.00       |
| MSS                       | 0    | 1     | 0.00       |
+---------------------------+------+-------+------------+

Detailed Logic Resource Usage
+--------------------------+------+-----+
| Type                     | 4LUT | DFF |
+--------------------------+------+-----+
| Fabric Logic             | 37   | 16  |
| RAM64x18 Interface Logic | 0    | 0   |
| RAM1K18 Interface Logic  | 0    | 0   |
| MACC Interface Logic     | 0    | 0   |
| Total Used               | 37   | 16  |
+--------------------------+------+-----+

Detailed Carry Chains Resource Usage
+--------+------+
| Length | Used |
| 14     | 1    |
| Total  | 1    |
+--------+------+

I/O Function
+-------------------------------+--------------+-------------+-----------------+
| Type                          | w/o register | w/ register | w/ DDR register |
+-------------------------------+--------------+-------------+-----------------+
| Input I/O                     | 10           | 0           | 0               |
| Output I/O                    | 12           | 0           | 0               |
| Bidirectional I/O             | 0            | 0           | 0               |
| Differential Input I/O Pairs  | 0            | 0           | 0               |
| Differential Output I/O Pairs | 0            | 0           | 0               |
+-------------------------------+--------------+-------------+-----------------+

I/O Technology
+--------------+--------+------+-------+--------+---------------+
| I/O Standard | Vddi   | Vref | Input | Output | Bidirectional |
+--------------+--------+------+-------+--------+---------------+
| LVCMOS33     |  3.30v |  N/A |  10   |  12    |  0            |
+--------------+--------+------+-------+--------+---------------+

Nets assigned to chip global resources
+--------+---------+-----------------------------------+
| Fanout | Type    | Name                              |
+--------+---------+-----------------------------------+
| 16     | INT_NET | Net   : rst_c                     |
|        |         | Driver: rst_ibuf_RNIUUM54/U0_RGB1 |
|        |         | Source: NETLIST                   |
| 16     | INT_NET | Net   : clk_c                     |
|        |         | Driver: clk_ibuf_RNIVTI21/U0_RGB1 |
|        |         | Source: NETLIST                   |
+--------+---------+-----------------------------------+

Nets assigned to row global resources
+--------+------+------+
| Fanout | Type | Name |
+--------+------+------+
+--------+------+------+

High fanout nets
+--------+---------+------------------------------+
| Fanout | Type    | Name                         |
+--------+---------+------------------------------+
| 10     | INT_NET | Net   : u1/mod4_counter_Z[0] |
|        |         | Driver: u1/mod4_counter[0]   |
| 7      | INT_NET | Net   : u1/mux_out[3]        |
|        |         | Driver: u1/mux_out_3[3]      |
| 7      | INT_NET | Net   : u1/mux_out[2]        |
|        |         | Driver: u1/mux_out_3[2]      |
| 7      | INT_NET | Net   : u1/mux_out[1]        |
|        |         | Driver: u1/mux_out_3[1]      |
| 7      | INT_NET | Net   : u1/mux_out[0]        |
|        |         | Driver: u1/mux_out_3[0]      |
| 5      | INT_NET | Net   : u1/mod4_counter_Z[1] |
|        |         | Driver: u1/mod4_counter[1]   |
| 3      | INT_NET | Net   : u1/counter_Z[0]      |
|        |         | Driver: u1/counter[0]        |
| 2      | INT_NET | Net   : u1/counter_Z[13]     |
|        |         | Driver: u1/counter[13]       |
| 2      | INT_NET | Net   : u1/counter_Z[12]     |
|        |         | Driver: u1/counter[12]       |
| 2      | INT_NET | Net   : u1/counter_Z[11]     |
|        |         | Driver: u1/counter[11]       |
+--------+---------+------------------------------+

High fanout nets (through buffer trees)
+--------+---------+------------------------------+
| Fanout | Type    | Name                         |
+--------+---------+------------------------------+
| 10     | INT_NET | Net   : u1/mod4_counter_Z[0] |
|        |         | Driver: u1/mod4_counter[0]   |
| 7      | INT_NET | Net   : u1/mux_out[3]        |
|        |         | Driver: u1/mux_out_3[3]      |
| 7      | INT_NET | Net   : u1/mux_out[2]        |
|        |         | Driver: u1/mux_out_3[2]      |
| 7      | INT_NET | Net   : u1/mux_out[1]        |
|        |         | Driver: u1/mux_out_3[1]      |
| 7      | INT_NET | Net   : u1/mux_out[0]        |
|        |         | Driver: u1/mux_out_3[0]      |
| 5      | INT_NET | Net   : u1/mod4_counter_Z[1] |
|        |         | Driver: u1/mod4_counter[1]   |
| 3      | INT_NET | Net   : u1/counter_Z[0]      |
|        |         | Driver: u1/counter[0]        |
| 2      | INT_NET | Net   : u1/counter_Z[13]     |
|        |         | Driver: u1/counter[13]       |
| 2      | INT_NET | Net   : u1/counter_Z[12]     |
|        |         | Driver: u1/counter[12]       |
| 2      | INT_NET | Net   : u1/counter_Z[11]     |
|        |         | Driver: u1/counter[11]       |
+--------+---------+------------------------------+

